Start testing: Feb 28 21:44 W. Europe Standard Time
----------------------------------------------------------
1/3 Testing: TimeSystem
1/3 Test: TimeSystem
Command: "C:/Parallax-dev/Parallax/build/bin/Debug/test_time_system.exe"
Directory: C:/Parallax-dev/Parallax/build/tests
"TimeSystem" start time: Feb 28 21:44 W. Europe Standard Time
Output:
----------------------------------------------------------
[doctest] doctest version is "2.4.12"
[doctest] run with "--help" for options
===============================================================================
[doctest] test cases: 15 | 15 passed | 0 failed | 0 skipped
[doctest] assertions: 39 | 39 passed | 0 failed |
[doctest] Status: SUCCESS!
<end of output>
Test time =   0.01 sec
----------------------------------------------------------
Test Passed.
"TimeSystem" end time: Feb 28 21:44 W. Europe Standard Time
"TimeSystem" time elapsed: 00:00:00
----------------------------------------------------------

2/3 Testing: Coordinates
2/3 Test: Coordinates
Command: "C:/Parallax-dev/Parallax/build/bin/Debug/test_coordinates.exe"
Directory: C:/Parallax-dev/Parallax/build/tests
"Coordinates" start time: Feb 28 21:44 W. Europe Standard Time
Output:
----------------------------------------------------------
[doctest] doctest version is "2.4.12"
[doctest] run with "--help" for options
===============================================================================
[doctest] test cases:  14 |  14 passed | 0 failed | 0 skipped
[doctest] assertions: 198 | 198 passed | 0 failed |
[doctest] Status: SUCCESS!
<end of output>
Test time =   0.01 sec
----------------------------------------------------------
Test Passed.
"Coordinates" end time: Feb 28 21:44 W. Europe Standard Time
"Coordinates" time elapsed: 00:00:00
----------------------------------------------------------

3/3 Testing: CatalogLoader
3/3 Test: CatalogLoader
Command: "C:/Parallax-dev/Parallax/build/bin/Debug/test_catalog_loader.exe"
Directory: C:/Parallax-dev/Parallax/build/tests
"CatalogLoader" start time: Feb 28 21:44 W. Europe Standard Time
Output:
----------------------------------------------------------
[21:44:29.381] [PARALLAX] [info] CatalogLoader: Loaded 3 stars from C:\Users\sputn\AppData\Local\Temp\test_bright.csv
[21:44:29.383] [PARALLAX] [info] CatalogLoader: Loaded 3 stars from C:\Users\sputn\AppData\Local\Temp\test_bright.csv
[21:44:29.383] [PARALLAX] [info] CatalogLoader: Loaded 3 stars from C:\Users\sputn\AppData\Local\Temp\test_bright.csv
[21:44:29.384] [PARALLAX] [info] CatalogLoader: Loaded 21 stars from C:\Users\sputn\AppData\Local\Temp\test_full_bright.csv
[21:44:29.385] [PARALLAX] [info] CatalogLoader: Loaded 2 stars from C:\Users\sputn\AppData\Local\Temp\test_hip.csv
[21:44:29.386] [PARALLAX] [info] CatalogLoader: Loaded 1 stars from C:\Users\sputn\AppData\Local\Temp\test_zero_ra.csv
[21:44:29.387] [PARALLAX] [info] CatalogLoader: Loaded 1 stars from C:\Users\sputn\AppData\Local\Temp\test_180_ra.csv
[21:44:29.388] [PARALLAX] [info] CatalogLoader: Loaded 1 stars from C:\Users\sputn\AppData\Local\Temp\test_neg_dec.csv
[21:44:29.389] [PARALLAX] [info] CatalogLoader: Loaded 1 stars from C:\Users\sputn\AppData\Local\Temp\test_neg_mag.csv
[21:44:29.390] [PARALLAX] [info] CatalogLoader: Loaded 1 stars from C:\Users\sputn\AppData\Local\Temp\test_neg_bv.csv
[21:44:29.390] [PARALLAX] [error] CatalogLoader: Failed to open file: this_file_does_not_exist.csv
[21:44:29.391] [PARALLAX] [error] CatalogLoader: No valid stars found in: C:\Users\sputn\AppData\Local\Temp\test_empty.csv
[21:44:29.392] [PARALLAX] [warning] CatalogLoader: Failed to parse values on line 3: Bad,not_a_number,bad,bad,bad
[21:44:29.392] [PARALLAX] [warning] CatalogLoader: Malformed line 5: Incomplete,101.287
[21:44:29.392] [PARALLAX] [warning] CatalogLoader: Skipped 2 malformed lines
[21:44:29.392] [PARALLAX] [info] CatalogLoader: Loaded 2 stars from C:\Users\sputn\AppData\Local\Temp\test_malformed.csv
[21:44:29.393] [PARALLAX] [info] CatalogLoader: Loaded 3 stars from C:\Users\sputn\AppData\Local\Temp\test_brightness.csv
[doctest] doctest version is "2.4.12"
[doctest] run with "--help" for options
===============================================================================
[doctest] test cases: 12 | 12 passed | 0 failed | 0 skipped
[doctest] assertions: 40 | 40 passed | 0 failed |
[doctest] Status: SUCCESS!
<end of output>
Test time =   0.20 sec
----------------------------------------------------------
Test Passed.
"CatalogLoader" end time: Feb 28 21:44 W. Europe Standard Time
"CatalogLoader" time elapsed: 00:00:00
----------------------------------------------------------

End testing: Feb 28 21:44 W. Europe Standard Time
